2025.11.07 19:07:26 INFO  Started: Metals version 1.6.3 in folders '/Users/sandeepsanakkayala/Downloads/Complete BIG DATA PRJ' for client Visual Studio Code 1.105.1.
2025.11.07 19:07:31 WARN  Using H2 2.4.240 which is newer than the version Flyway has been verified with. The latest verified version of H2 is 2.3.232.
2025.11.07 19:07:40 INFO  Running List(/Users/sandeepsanakkayala/Library/Application Support/Coursier/bin/scala-cli, setup-ide, /Users/sandeepsanakkayala/Downloads/Complete BIG DATA PRJ)
2025.11.07 19:07:41 INFO  Attempting to connect to the build server...
2025.11.07 19:07:41 INFO  Running BSP server List(/Users/sandeepsanakkayala/Library/Application Support/Coursier/bin/.scala-cli.aux, bsp, --json-options, /Users/sandeepsanakkayala/Downloads/Complete BIG DATA PRJ/.scala-build/ide-options-v2.json, --json-launcher-options, /Users/sandeepsanakkayala/Downloads/Complete BIG DATA PRJ/.scala-build/ide-launcher-options.json, --envs-file, /Users/sandeepsanakkayala/Downloads/Complete BIG DATA PRJ/.scala-build/ide-envs.json, /Users/sandeepsanakkayala/Downloads/Complete BIG DATA PRJ)
2025.11.07 19:07:40 INFO  tracing is disabled for protocol BSP, to enable tracing of incoming and outgoing JSON messages create an empty file at /Users/sandeepsanakkayala/Downloads/Complete BIG DATA PRJ/.metals/bsp.trace.json or /Users/sandeepsanakkayala/Library/Caches/org.scalameta.metals/bsp.trace.json
2025.11.07 19:07:42 INFO  BSP server: Downloading https://oss.sonatype.org/content/repositories/snapshots/ch/epfl/scala/bloop-frontend_2.12/2.0.10/bloop-frontend_2.12-2.0.10.pom
2025.11.07 19:07:46 INFO  BSP server: Downloaded https://oss.sonatype.org/content/repositories/snapshots/ch/epfl/scala/bloop-frontend_2.12/2.0.10/bloop-frontend_2.12-2.0.10.pom
2025.11.07 19:07:46 INFO  BSP server: Downloading https://oss.sonatype.org/content/repositories/snapshots/ch/epfl/scala/bloop-frontend_2.12/2.0.10/bloop-frontend_2.12-2.0.10.pom.sha1
2025.11.07 19:07:46 INFO  BSP server: Downloaded https://oss.sonatype.org/content/repositories/snapshots/ch/epfl/scala/bloop-frontend_2.12/2.0.10/bloop-frontend_2.12-2.0.10.pom.sha1
2025.11.07 19:07:46 INFO  BSP server: Downloading https://s01.oss.sonatype.org/content/repositories/snapshots/ch/epfl/scala/bloop-frontend_2.12/2.0.10/bloop-frontend_2.12-2.0.10.pom
2025.11.07 19:07:49 INFO  BSP server: Downloaded https://s01.oss.sonatype.org/content/repositories/snapshots/ch/epfl/scala/bloop-frontend_2.12/2.0.10/bloop-frontend_2.12-2.0.10.pom
2025.11.07 19:07:49 INFO  BSP server: Downloading https://s01.oss.sonatype.org/content/repositories/snapshots/ch/epfl/scala/bloop-frontend_2.12/2.0.10/bloop-frontend_2.12-2.0.10.pom.sha1
2025.11.07 19:07:49 INFO  BSP server: Downloaded https://s01.oss.sonatype.org/content/repositories/snapshots/ch/epfl/scala/bloop-frontend_2.12/2.0.10/bloop-frontend_2.12-2.0.10.pom.sha1
2025.11.07 19:07:49 INFO  BSP server: Downloading https://repo1.maven.org/maven2/ch/epfl/scala/bloop-frontend_2.12/2.0.10/bloop-frontend_2.12-2.0.10.pom
2025.11.07 19:07:50 INFO  BSP server: Downloaded https://repo1.maven.org/maven2/ch/epfl/scala/bloop-frontend_2.12/2.0.10/bloop-frontend_2.12-2.0.10.pom
2025.11.07 19:07:50 INFO  BSP server: Downloading https://oss.sonatype.org/content/repositories/snapshots/ch/epfl/scala/bloop-backend_2.12/2.0.10/bloop-backend_2.12-2.0.10.pom
2025.11.07 19:07:50 INFO  BSP server: Downloading https://oss.sonatype.org/content/repositories/snapshots/ch/epfl/scala/scala-debug-adapter_2.12/4.2.5/scala-debug-adapter_2.12-4.2.5.pom
2025.11.07 19:07:50 INFO  BSP server: Downloading https://oss.sonatype.org/content/repositories/snapshots/ch/epfl/scala/bloop-shared_2.12/2.0.10/bloop-shared_2.12-2.0.10.pom
2025.11.07 19:07:50 INFO  BSP server: Downloaded https://oss.sonatype.org/content/repositories/snapshots/ch/epfl/scala/bloop-backend_2.12/2.0.10/bloop-backend_2.12-2.0.10.pom
2025.11.07 19:07:50 INFO  BSP server: Downloading https://oss.sonatype.org/content/repositories/snapshots/ch/epfl/scala/bloop-backend_2.12/2.0.10/bloop-backend_2.12-2.0.10.pom.sha1
2025.11.07 19:07:50 INFO  BSP server: Downloaded https://oss.sonatype.org/content/repositories/snapshots/ch/epfl/scala/bloop-backend_2.12/2.0.10/bloop-backend_2.12-2.0.10.pom.sha1
2025.11.07 19:07:50 INFO  BSP server: Downloading https://s01.oss.sonatype.org/content/repositories/snapshots/ch/epfl/scala/bloop-backend_2.12/2.0.10/bloop-backend_2.12-2.0.10.pom
2025.11.07 19:07:52 INFO  BSP server: Downloaded https://oss.sonatype.org/content/repositories/snapshots/ch/epfl/scala/scala-debug-adapter_2.12/4.2.5/scala-debug-adapter_2.12-4.2.5.pom
2025.11.07 19:07:52 INFO  BSP server: Downloaded https://oss.sonatype.org/content/repositories/snapshots/ch/epfl/scala/bloop-shared_2.12/2.0.10/bloop-shared_2.12-2.0.10.pom
2025.11.07 19:07:52 INFO  BSP server: Downloading https://oss.sonatype.org/content/repositories/snapshots/ch/epfl/scala/bloop-shared_2.12/2.0.10/bloop-shared_2.12-2.0.10.pom.sha1
2025.11.07 19:07:52 INFO  BSP server: Downloading https://oss.sonatype.org/content/repositories/snapshots/ch/epfl/scala/scala-debug-adapter_2.12/4.2.5/scala-debug-adapter_2.12-4.2.5.pom.sha1
2025.11.07 19:07:52 INFO  BSP server: Downloaded https://s01.oss.sonatype.org/content/repositories/snapshots/ch/epfl/scala/bloop-backend_2.12/2.0.10/bloop-backend_2.12-2.0.10.pom
2025.11.07 19:07:52 INFO  BSP server: Downloading https://s01.oss.sonatype.org/content/repositories/snapshots/ch/epfl/scala/bloop-backend_2.12/2.0.10/bloop-backend_2.12-2.0.10.pom.sha1
2025.11.07 19:07:52 INFO  BSP server: Downloaded https://oss.sonatype.org/content/repositories/snapshots/ch/epfl/scala/scala-debug-adapter_2.12/4.2.5/scala-debug-adapter_2.12-4.2.5.pom.sha1
2025.11.07 19:07:52 INFO  BSP server: Downloaded https://oss.sonatype.org/content/repositories/snapshots/ch/epfl/scala/bloop-shared_2.12/2.0.10/bloop-shared_2.12-2.0.10.pom.sha1
2025.11.07 19:07:52 INFO  BSP server: Downloading https://s01.oss.sonatype.org/content/repositories/snapshots/ch/epfl/scala/bloop-shared_2.12/2.0.10/bloop-shared_2.12-2.0.10.pom
2025.11.07 19:07:52 INFO  BSP server: Downloading https://s01.oss.sonatype.org/content/repositories/snapshots/ch/epfl/scala/scala-debug-adapter_2.12/4.2.5/scala-debug-adapter_2.12-4.2.5.pom
2025.11.07 19:07:52 INFO  BSP server: Downloaded https://s01.oss.sonatype.org/content/repositories/snapshots/ch/epfl/scala/bloop-backend_2.12/2.0.10/bloop-backend_2.12-2.0.10.pom.sha1
2025.11.07 19:07:52 INFO  BSP server: Downloaded https://s01.oss.sonatype.org/content/repositories/snapshots/ch/epfl/scala/bloop-shared_2.12/2.0.10/bloop-shared_2.12-2.0.10.pom
2025.11.07 19:07:52 INFO  BSP server: Downloaded https://s01.oss.sonatype.org/content/repositories/snapshots/ch/epfl/scala/scala-debug-adapter_2.12/4.2.5/scala-debug-adapter_2.12-4.2.5.pom
2025.11.07 19:07:52 INFO  BSP server: Downloading https://s01.oss.sonatype.org/content/repositories/snapshots/ch/epfl/scala/bloop-shared_2.12/2.0.10/bloop-shared_2.12-2.0.10.pom.sha1
2025.11.07 19:07:52 INFO  BSP server: Downloading https://repo1.maven.org/maven2/ch/epfl/scala/bloop-backend_2.12/2.0.10/bloop-backend_2.12-2.0.10.pom
2025.11.07 19:07:52 INFO  BSP server: Downloading https://s01.oss.sonatype.org/content/repositories/snapshots/ch/epfl/scala/scala-debug-adapter_2.12/4.2.5/scala-debug-adapter_2.12-4.2.5.pom.sha1
2025.11.07 19:07:53 INFO  BSP server: Downloaded https://repo1.maven.org/maven2/ch/epfl/scala/bloop-backend_2.12/2.0.10/bloop-backend_2.12-2.0.10.pom
2025.11.07 19:07:53 INFO  BSP server: Downloaded https://s01.oss.sonatype.org/content/repositories/snapshots/ch/epfl/scala/scala-debug-adapter_2.12/4.2.5/scala-debug-adapter_2.12-4.2.5.pom.sha1
2025.11.07 19:07:53 INFO  BSP server: Downloaded https://s01.oss.sonatype.org/content/repositories/snapshots/ch/epfl/scala/bloop-shared_2.12/2.0.10/bloop-shared_2.12-2.0.10.pom.sha1
2025.11.07 19:07:53 INFO  BSP server: Downloading https://repo1.maven.org/maven2/ch/epfl/scala/bloop-shared_2.12/2.0.10/bloop-shared_2.12-2.0.10.pom
2025.11.07 19:07:53 INFO  BSP server: Downloading https://repo1.maven.org/maven2/ch/epfl/scala/scala-debug-adapter_2.12/4.2.5/scala-debug-adapter_2.12-4.2.5.pom
2025.11.07 19:07:53 INFO  BSP server: Downloaded https://repo1.maven.org/maven2/ch/epfl/scala/bloop-shared_2.12/2.0.10/bloop-shared_2.12-2.0.10.pom
2025.11.07 19:07:53 INFO  BSP server: Downloaded https://repo1.maven.org/maven2/ch/epfl/scala/scala-debug-adapter_2.12/4.2.5/scala-debug-adapter_2.12-4.2.5.pom
2025.11.07 19:07:53 INFO  BSP server: Downloading https://oss.sonatype.org/content/repositories/snapshots/org/scalameta/parsers_2.12/4.13.4/parsers_2.12-4.13.4.pom
2025.11.07 19:07:53 INFO  BSP server: Downloading https://oss.sonatype.org/content/repositories/snapshots/org/scala-sbt/librarymanagement-ivy_2.12/1.10.4/librarymanagement-ivy_2.12-1.10.4.pom
2025.11.07 19:07:53 INFO  BSP server: Downloading https://oss.sonatype.org/content/repositories/snapshots/org/scala-sbt/test-agent/1.10.11/test-agent-1.10.11.pom
2025.11.07 19:07:53 INFO  BSP server: Downloading https://oss.sonatype.org/content/repositories/snapshots/ch/epfl/scala/com-microsoft-java-debug-core/0.34.0+36/com-microsoft-java-debug-core-0.34.0+36.pom
2025.11.07 19:07:53 INFO  BSP server: Downloaded https://oss.sonatype.org/content/repositories/snapshots/org/scala-sbt/librarymanagement-ivy_2.12/1.10.4/librarymanagement-ivy_2.12-1.10.4.pom
2025.11.07 19:07:53 INFO  BSP server: Downloaded https://oss.sonatype.org/content/repositories/snapshots/org/scalameta/parsers_2.12/4.13.4/parsers_2.12-4.13.4.pom
2025.11.07 19:07:53 INFO  BSP server: Downloading https://oss.sonatype.org/content/repositories/snapshots/org/scala-sbt/librarymanagement-ivy_2.12/1.10.4/librarymanagement-ivy_2.12-1.10.4.pom.sha1
2025.11.07 19:07:53 INFO  BSP server: Downloaded https://oss.sonatype.org/content/repositories/snapshots/org/scala-sbt/test-agent/1.10.11/test-agent-1.10.11.pom
2025.11.07 19:07:53 INFO  BSP server: Downloading https://oss.sonatype.org/content/repositories/snapshots/org/scalameta/parsers_2.12/4.13.4/parsers_2.12-4.13.4.pom.sha1
2025.11.07 19:07:53 INFO  BSP server: Downloading https://oss.sonatype.org/content/repositories/snapshots/org/scala-sbt/test-agent/1.10.11/test-agent-1.10.11.pom.sha1
2025.11.07 19:07:54 INFO  BSP server: Downloaded https://oss.sonatype.org/content/repositories/snapshots/org/scalameta/parsers_2.12/4.13.4/parsers_2.12-4.13.4.pom.sha1
2025.11.07 19:07:54 INFO  BSP server: Downloaded https://oss.sonatype.org/content/repositories/snapshots/org/scala-sbt/test-agent/1.10.11/test-agent-1.10.11.pom.sha1
2025.11.07 19:07:54 INFO  BSP server: Downloading https://s01.oss.sonatype.org/content/repositories/snapshots/org/scala-sbt/test-agent/1.10.11/test-agent-1.10.11.pom
2025.11.07 19:07:54 INFO  BSP server: Downloading https://s01.oss.sonatype.org/content/repositories/snapshots/org/scalameta/parsers_2.12/4.13.4/parsers_2.12-4.13.4.pom
2025.11.07 19:07:54 INFO  BSP server: Downloaded https://oss.sonatype.org/content/repositories/snapshots/org/scala-sbt/librarymanagement-ivy_2.12/1.10.4/librarymanagement-ivy_2.12-1.10.4.pom.sha1
2025.11.07 19:07:54 INFO  BSP server: Downloading https://s01.oss.sonatype.org/content/repositories/snapshots/org/scala-sbt/librarymanagement-ivy_2.12/1.10.4/librarymanagement-ivy_2.12-1.10.4.pom
2025.11.07 19:07:54 INFO  BSP server: Downloaded https://oss.sonatype.org/content/repositories/snapshots/ch/epfl/scala/com-microsoft-java-debug-core/0.34.0+36/com-microsoft-java-debug-core-0.34.0+36.pom
2025.11.07 19:07:54 INFO  BSP server: Downloading https://oss.sonatype.org/content/repositories/snapshots/ch/epfl/scala/com-microsoft-java-debug-core/0.34.0+36/com-microsoft-java-debug-core-0.34.0+36.pom.sha1
2025.11.07 19:07:54 INFO  BSP server: Downloaded https://oss.sonatype.org/content/repositories/snapshots/ch/epfl/scala/com-microsoft-java-debug-core/0.34.0+36/com-microsoft-java-debug-core-0.34.0+36.pom.sha1
2025.11.07 19:07:54 INFO  BSP server: Downloaded https://s01.oss.sonatype.org/content/repositories/snapshots/org/scalameta/parsers_2.12/4.13.4/parsers_2.12-4.13.4.pom
2025.11.07 19:07:54 INFO  BSP server: Downloaded https://s01.oss.sonatype.org/content/repositories/snapshots/org/scala-sbt/librarymanagement-ivy_2.12/1.10.4/librarymanagement-ivy_2.12-1.10.4.pom
2025.11.07 19:07:54 INFO  BSP server: Downloading https://s01.oss.sonatype.org/content/repositories/snapshots/org/scalameta/parsers_2.12/4.13.4/parsers_2.12-4.13.4.pom.sha1
2025.11.07 19:07:54 INFO  BSP server: Downloading https://s01.oss.sonatype.org/content/repositories/snapshots/ch/epfl/scala/com-microsoft-java-debug-core/0.34.0+36/com-microsoft-java-debug-core-0.34.0+36.pom
2025.11.07 19:07:54 INFO  BSP server: Downloading https://s01.oss.sonatype.org/content/repositories/snapshots/org/scala-sbt/librarymanagement-ivy_2.12/1.10.4/librarymanagement-ivy_2.12-1.10.4.pom.sha1
2025.11.07 19:07:54 INFO  BSP server: Downloaded https://s01.oss.sonatype.org/content/repositories/snapshots/org/scala-sbt/test-agent/1.10.11/test-agent-1.10.11.pom
2025.11.07 19:07:54 INFO  BSP server: Downloading https://s01.oss.sonatype.org/content/repositories/snapshots/org/scala-sbt/test-agent/1.10.11/test-agent-1.10.11.pom.sha1
2025.11.07 19:07:55 INFO  BSP server: Downloaded https://s01.oss.sonatype.org/content/repositories/snapshots/org/scalameta/parsers_2.12/4.13.4/parsers_2.12-4.13.4.pom.sha1
2025.11.07 19:07:55 INFO  BSP server: Downloading https://repo1.maven.org/maven2/org/scalameta/parsers_2.12/4.13.4/parsers_2.12-4.13.4.pom
2025.11.07 19:07:55 INFO  BSP server: Downloaded https://s01.oss.sonatype.org/content/repositories/snapshots/org/scala-sbt/test-agent/1.10.11/test-agent-1.10.11.pom.sha1
2025.11.07 19:07:55 INFO  BSP server: Downloaded https://s01.oss.sonatype.org/content/repositories/snapshots/org/scala-sbt/librarymanagement-ivy_2.12/1.10.4/librarymanagement-ivy_2.12-1.10.4.pom.sha1
2025.11.07 19:07:55 INFO  BSP server: Downloading https://repo1.maven.org/maven2/org/scala-sbt/librarymanagement-ivy_2.12/1.10.4/librarymanagement-ivy_2.12-1.10.4.pom
2025.11.07 19:07:55 INFO  BSP server: Downloading https://repo1.maven.org/maven2/org/scala-sbt/test-agent/1.10.11/test-agent-1.10.11.pom
2025.11.07 19:07:55 INFO  BSP server: Downloaded https://s01.oss.sonatype.org/content/repositories/snapshots/ch/epfl/scala/com-microsoft-java-debug-core/0.34.0+36/com-microsoft-java-debug-core-0.34.0+36.pom
2025.11.07 19:07:55 INFO  BSP server: Downloading https://s01.oss.sonatype.org/content/repositories/snapshots/ch/epfl/scala/com-microsoft-java-debug-core/0.34.0+36/com-microsoft-java-debug-core-0.34.0+36.pom.sha1
2025.11.07 19:07:55 INFO  BSP server: Downloaded https://repo1.maven.org/maven2/org/scala-sbt/test-agent/1.10.11/test-agent-1.10.11.pom
2025.11.07 19:07:55 INFO  BSP server: Downloaded https://repo1.maven.org/maven2/org/scalameta/parsers_2.12/4.13.4/parsers_2.12-4.13.4.pom
2025.11.07 19:07:55 INFO  BSP server: Downloaded https://repo1.maven.org/maven2/org/scala-sbt/librarymanagement-ivy_2.12/1.10.4/librarymanagement-ivy_2.12-1.10.4.pom
2025.11.07 19:07:55 INFO  BSP server: Downloaded https://s01.oss.sonatype.org/content/repositories/snapshots/ch/epfl/scala/com-microsoft-java-debug-core/0.34.0+36/com-microsoft-java-debug-core-0.34.0+36.pom.sha1
2025.11.07 19:07:55 INFO  BSP server: Downloading https://repo1.maven.org/maven2/ch/epfl/scala/com-microsoft-java-debug-core/0.34.0+36/com-microsoft-java-debug-core-0.34.0+36.pom
2025.11.07 19:07:56 INFO  BSP server: Downloaded https://repo1.maven.org/maven2/ch/epfl/scala/com-microsoft-java-debug-core/0.34.0+36/com-microsoft-java-debug-core-0.34.0+36.pom
2025.11.07 19:07:56 INFO  BSP server: Downloading https://oss.sonatype.org/content/repositories/snapshots/com/google/code/gson/gson/2.13.0/gson-2.13.0.pom
2025.11.07 19:07:56 INFO  BSP server: Downloading https://oss.sonatype.org/content/repositories/snapshots/org/scalameta/trees_2.12/4.13.4/trees_2.12-4.13.4.pom
2025.11.07 19:07:56 INFO  BSP server: Downloading https://oss.sonatype.org/content/repositories/snapshots/org/scala-sbt/librarymanagement-core_2.12/1.10.4/librarymanagement-core_2.12-1.10.4.pom
2025.11.07 19:07:56 INFO  BSP server: Downloaded https://oss.sonatype.org/content/repositories/snapshots/org/scalameta/trees_2.12/4.13.4/trees_2.12-4.13.4.pom
2025.11.07 19:07:56 INFO  BSP server: Downloading https://oss.sonatype.org/content/repositories/snapshots/org/scalameta/trees_2.12/4.13.4/trees_2.12-4.13.4.pom.sha1
2025.11.07 19:07:56 INFO  BSP server: Downloaded https://oss.sonatype.org/content/repositories/snapshots/org/scala-sbt/librarymanagement-core_2.12/1.10.4/librarymanagement-core_2.12-1.10.4.pom
2025.11.07 19:07:56 INFO  BSP server: Downloading https://oss.sonatype.org/content/repositories/snapshots/org/scala-sbt/librarymanagement-core_2.12/1.10.4/librarymanagement-core_2.12-1.10.4.pom.sha1
2025.11.07 19:07:56 INFO  BSP server: Downloaded https://oss.sonatype.org/content/repositories/snapshots/com/google/code/gson/gson/2.13.0/gson-2.13.0.pom
2025.11.07 19:07:56 INFO  BSP server: Downloading https://oss.sonatype.org/content/repositories/snapshots/com/google/code/gson/gson/2.13.0/gson-2.13.0.pom.sha1
2025.11.07 19:07:56 INFO  BSP server: Downloaded https://oss.sonatype.org/content/repositories/snapshots/org/scalameta/trees_2.12/4.13.4/trees_2.12-4.13.4.pom.sha1
2025.11.07 19:07:56 INFO  BSP server: Downloaded https://oss.sonatype.org/content/repositories/snapshots/org/scala-sbt/librarymanagement-core_2.12/1.10.4/librarymanagement-core_2.12-1.10.4.pom.sha1
2025.11.07 19:07:56 INFO  BSP server: Downloaded https://oss.sonatype.org/content/repositories/snapshots/com/google/code/gson/gson/2.13.0/gson-2.13.0.pom.sha1
2025.11.07 19:07:56 INFO  BSP server: Downloading https://s01.oss.sonatype.org/content/repositories/snapshots/com/google/code/gson/gson/2.13.0/gson-2.13.0.pom
2025.11.07 19:07:56 INFO  BSP server: Downloading https://s01.oss.sonatype.org/content/repositories/snapshots/org/scalameta/trees_2.12/4.13.4/trees_2.12-4.13.4.pom
2025.11.07 19:07:56 INFO  BSP server: Downloading https://s01.oss.sonatype.org/content/repositories/snapshots/org/scala-sbt/librarymanagement-core_2.12/1.10.4/librarymanagement-core_2.12-1.10.4.pom
2025.11.07 19:07:58 INFO  BSP server: Downloaded https://s01.oss.sonatype.org/content/repositories/snapshots/org/scala-sbt/librarymanagement-core_2.12/1.10.4/librarymanagement-core_2.12-1.10.4.pom
2025.11.07 19:07:58 INFO  BSP server: Downloading https://s01.oss.sonatype.org/content/repositories/snapshots/org/scala-sbt/librarymanagement-core_2.12/1.10.4/librarymanagement-core_2.12-1.10.4.pom.sha1
2025.11.07 19:07:58 INFO  BSP server: Downloaded https://s01.oss.sonatype.org/content/repositories/snapshots/com/google/code/gson/gson/2.13.0/gson-2.13.0.pom
2025.11.07 19:07:58 INFO  BSP server: Downloaded https://s01.oss.sonatype.org/content/repositories/snapshots/org/scalameta/trees_2.12/4.13.4/trees_2.12-4.13.4.pom
2025.11.07 19:07:58 INFO  BSP server: Downloading https://s01.oss.sonatype.org/content/repositories/snapshots/com/google/code/gson/gson/2.13.0/gson-2.13.0.pom.sha1
2025.11.07 19:07:58 INFO  BSP server: Downloading https://s01.oss.sonatype.org/content/repositories/snapshots/org/scalameta/trees_2.12/4.13.4/trees_2.12-4.13.4.pom.sha1
2025.11.07 19:07:58 INFO  BSP server: Downloaded https://s01.oss.sonatype.org/content/repositories/snapshots/org/scala-sbt/librarymanagement-core_2.12/1.10.4/librarymanagement-core_2.12-1.10.4.pom.sha1
2025.11.07 19:07:58 INFO  BSP server: Downloading https://repo1.maven.org/maven2/org/scala-sbt/librarymanagement-core_2.12/1.10.4/librarymanagement-core_2.12-1.10.4.pom
2025.11.07 19:07:58 INFO  BSP server: Downloaded https://s01.oss.sonatype.org/content/repositories/snapshots/org/scalameta/trees_2.12/4.13.4/trees_2.12-4.13.4.pom.sha1
2025.11.07 19:07:58 INFO  BSP server: Downloaded https://s01.oss.sonatype.org/content/repositories/snapshots/com/google/code/gson/gson/2.13.0/gson-2.13.0.pom.sha1
2025.11.07 19:07:59 INFO  BSP server: Downloading https://repo1.maven.org/maven2/com/google/code/gson/gson/2.13.0/gson-2.13.0.pom
2025.11.07 19:07:59 INFO  BSP server: Downloading https://repo1.maven.org/maven2/org/scalameta/trees_2.12/4.13.4/trees_2.12-4.13.4.pom
2025.11.07 19:07:59 INFO  BSP server: Downloaded https://repo1.maven.org/maven2/org/scala-sbt/librarymanagement-core_2.12/1.10.4/librarymanagement-core_2.12-1.10.4.pom
2025.11.07 19:07:59 INFO  BSP server: Downloaded https://repo1.maven.org/maven2/org/scalameta/trees_2.12/4.13.4/trees_2.12-4.13.4.pom
2025.11.07 19:07:59 INFO  BSP server: Downloaded https://repo1.maven.org/maven2/com/google/code/gson/gson/2.13.0/gson-2.13.0.pom
2025.11.07 19:07:59 INFO  BSP server: Downloading https://oss.sonatype.org/content/repositories/snapshots/com/google/code/gson/gson-parent/2.13.0/gson-parent-2.13.0.pom
2025.11.07 19:07:59 INFO  BSP server: Downloaded https://oss.sonatype.org/content/repositories/snapshots/com/google/code/gson/gson-parent/2.13.0/gson-parent-2.13.0.pom
2025.11.07 19:07:59 INFO  BSP server: Downloading https://oss.sonatype.org/content/repositories/snapshots/com/google/code/gson/gson-parent/2.13.0/gson-parent-2.13.0.pom.sha1
2025.11.07 19:07:59 INFO  BSP server: Downloaded https://oss.sonatype.org/content/repositories/snapshots/com/google/code/gson/gson-parent/2.13.0/gson-parent-2.13.0.pom.sha1
2025.11.07 19:07:59 INFO  BSP server: Downloading https://s01.oss.sonatype.org/content/repositories/snapshots/com/google/code/gson/gson-parent/2.13.0/gson-parent-2.13.0.pom
2025.11.07 19:08:01 INFO  BSP server: Downloaded https://s01.oss.sonatype.org/content/repositories/snapshots/com/google/code/gson/gson-parent/2.13.0/gson-parent-2.13.0.pom
2025.11.07 19:08:01 INFO  BSP server: Downloading https://s01.oss.sonatype.org/content/repositories/snapshots/com/google/code/gson/gson-parent/2.13.0/gson-parent-2.13.0.pom.sha1
2025.11.07 19:08:01 INFO  BSP server: Downloaded https://s01.oss.sonatype.org/content/repositories/snapshots/com/google/code/gson/gson-parent/2.13.0/gson-parent-2.13.0.pom.sha1
2025.11.07 19:08:01 INFO  BSP server: Downloading https://repo1.maven.org/maven2/com/google/code/gson/gson-parent/2.13.0/gson-parent-2.13.0.pom
2025.11.07 19:08:01 INFO  BSP server: Downloaded https://repo1.maven.org/maven2/com/google/code/gson/gson-parent/2.13.0/gson-parent-2.13.0.pom
2025.11.07 19:08:01 INFO  BSP server: Downloading https://oss.sonatype.org/content/repositories/snapshots/org/scalameta/io_2.12/4.13.4/io_2.12-4.13.4.pom
2025.11.07 19:08:01 INFO  BSP server: Downloading https://oss.sonatype.org/content/repositories/snapshots/com/eed3si9n/gigahorse-apache-http_2.12/0.7.0/gigahorse-apache-http_2.12-0.7.0.pom
2025.11.07 19:08:01 INFO  BSP server: Downloading https://oss.sonatype.org/content/repositories/snapshots/org/scala-sbt/util-logging_2.12/1.10.7/util-logging_2.12-1.10.7.pom
2025.11.07 19:08:01 INFO  BSP server: Downloading https://oss.sonatype.org/content/repositories/snapshots/org/scalameta/common_2.12/4.13.4/common_2.12-4.13.4.pom
2025.11.07 19:08:01 INFO  BSP server: Downloading https://oss.sonatype.org/content/repositories/snapshots/org/scala-sbt/io_2.12/1.10.4/io_2.12-1.10.4.pom
2025.11.07 19:08:01 INFO  BSP server: Downloading https://oss.sonatype.org/content/repositories/snapshots/org/scala-sbt/util-position_2.12/1.10.7/util-position_2.12-1.10.7.pom
2025.11.07 19:08:02 INFO  BSP server: Downloaded https://oss.sonatype.org/content/repositories/snapshots/org/scala-sbt/util-position_2.12/1.10.7/util-position_2.12-1.10.7.pom
2025.11.07 19:08:02 INFO  BSP server: Downloaded https://oss.sonatype.org/content/repositories/snapshots/com/eed3si9n/gigahorse-apache-http_2.12/0.7.0/gigahorse-apache-http_2.12-0.7.0.pom
2025.11.07 19:08:02 INFO  BSP server: Downloading https://oss.sonatype.org/content/repositories/snapshots/com/google/errorprone/error_prone_annotations/2.37.0/error_prone_annotations-2.37.0.pom
2025.11.07 19:08:02 INFO  BSP server: Downloaded https://oss.sonatype.org/content/repositories/snapshots/org/scalameta/io_2.12/4.13.4/io_2.12-4.13.4.pom
2025.11.07 19:08:02 INFO  BSP server: Downloading https://oss.sonatype.org/content/repositories/snapshots/org/scala-sbt/util-cache_2.12/1.10.7/util-cache_2.12-1.10.7.pom
2025.11.07 19:08:02 INFO  BSP server: Downloading https://oss.sonatype.org/content/repositories/snapshots/org/scala-sbt/util-position_2.12/1.10.7/util-position_2.12-1.10.7.pom.sha1
2025.11.07 19:08:02 INFO  BSP server: Downloaded https://oss.sonatype.org/content/repositories/snapshots/org/scala-sbt/util-position_2.12/1.10.7/util-position_2.12-1.10.7.pom.sha1
2025.11.07 19:08:02 INFO  BSP server: Downloading https://oss.sonatype.org/content/repositories/snapshots/com/eed3si9n/gigahorse-apache-http_2.12/0.7.0/gigahorse-apache-http_2.12-0.7.0.pom.sha1
2025.11.07 19:08:02 INFO  BSP server: Downloaded https://oss.sonatype.org/content/repositories/snapshots/com/google/errorprone/error_prone_annotations/2.37.0/error_prone_annotations-2.37.0.pom
2025.11.07 19:08:02 INFO  BSP server: Downloaded https://oss.sonatype.org/content/repositories/snapshots/org/scala-sbt/util-cache_2.12/1.10.7/util-cache_2.12-1.10.7.pom
2025.11.07 19:08:02 INFO  BSP server: Downloading https://oss.sonatype.org/content/repositories/snapshots/org/scalameta/io_2.12/4.13.4/io_2.12-4.13.4.pom.sha1
2025.11.07 19:08:02 INFO  BSP server: Downloading https://oss.sonatype.org/content/repositories/snapshots/com/google/errorprone/error_prone_annotations/2.37.0/error_prone_annotations-2.37.0.pom.sha1
2025.11.07 19:08:02 INFO  BSP server: Downloaded https://oss.sonatype.org/content/repositories/snapshots/org/scala-sbt/util-logging_2.12/1.10.7/util-logging_2.12-1.10.7.pom
2025.11.07 19:08:02 INFO  BSP server: Downloaded https://oss.sonatype.org/content/repositories/snapshots/org/scalameta/io_2.12/4.13.4/io_2.12-4.13.4.pom.sha1
2025.11.07 19:08:02 INFO  BSP server: Downloading https://oss.sonatype.org/content/repositories/snapshots/org/scala-sbt/util-cache_2.12/1.10.7/util-cache_2.12-1.10.7.pom.sha1
2025.11.07 19:08:02 INFO  BSP server: Downloaded https://oss.sonatype.org/content/repositories/snapshots/com/google/errorprone/error_prone_annotations/2.37.0/error_prone_annotations-2.37.0.pom.sha1
2025.11.07 19:08:02 INFO  BSP server: Downloading https://oss.sonatype.org/content/repositories/snapshots/org/scala-sbt/util-logging_2.12/1.10.7/util-logging_2.12-1.10.7.pom.sha1
2025.11.07 19:08:02 INFO  BSP server: Downloading https://s01.oss.sonatype.org/content/repositories/snapshots/org/scala-sbt/util-position_2.12/1.10.7/util-position_2.12-1.10.7.pom
2025.11.07 19:08:02 INFO  BSP server: Downloaded https://oss.sonatype.org/content/repositories/snapshots/org/scalameta/common_2.12/4.13.4/common_2.12-4.13.4.pom
2025.11.07 19:08:02 INFO  BSP server: Downloaded https://oss.sonatype.org/content/repositories/snapshots/org/scala-sbt/io_2.12/1.10.4/io_2.12-1.10.4.pom
2025.11.07 19:08:02 INFO  BSP server: Downloaded https://oss.sonatype.org/content/repositories/snapshots/com/eed3si9n/gigahorse-apache-http_2.12/0.7.0/gigahorse-apache-http_2.12-0.7.0.pom.sha1
2025.11.07 19:08:02 INFO  BSP server: Downloading https://oss.sonatype.org/content/repositories/snapshots/org/scala-sbt/io_2.12/1.10.4/io_2.12-1.10.4.pom.sha1
2025.11.07 19:08:02 INFO  BSP server: Downloading https://oss.sonatype.org/content/repositories/snapshots/org/scalameta/common_2.12/4.13.4/common_2.12-4.13.4.pom.sha1
2025.11.07 19:08:02 INFO  BSP server: Downloading https://s01.oss.sonatype.org/content/repositories/snapshots/org/scalameta/io_2.12/4.13.4/io_2.12-4.13.4.pom
2025.11.07 19:08:02 INFO  BSP server: Downloaded https://oss.sonatype.org/content/repositories/snapshots/org/scalameta/common_2.12/4.13.4/common_2.12-4.13.4.pom.sha1
2025.11.07 19:08:02 INFO  BSP server: Downloaded https://oss.sonatype.org/content/repositories/snapshots/org/scala-sbt/io_2.12/1.10.4/io_2.12-1.10.4.pom.sha1
2025.11.07 19:08:02 INFO  BSP server: Downloaded https://oss.sonatype.org/content/repositories/snapshots/org/scala-sbt/util-logging_2.12/1.10.7/util-logging_2.12-1.10.7.pom.sha1
2025.11.07 19:08:02 INFO  BSP server: Downloading https://s01.oss.sonatype.org/content/repositories/snapshots/com/google/errorprone/error_prone_annotations/2.37.0/error_prone_annotations-2.37.0.pom
2025.11.07 19:08:02 INFO  BSP server: Downloading https://s01.oss.sonatype.org/content/repositories/snapshots/org/scalameta/common_2.12/4.13.4/common_2.12-4.13.4.pom
2025.11.07 19:08:02 INFO  BSP server: Downloaded https://oss.sonatype.org/content/repositories/snapshots/org/scala-sbt/util-cache_2.12/1.10.7/util-cache_2.12-1.10.7.pom.sha1
2025.11.07 19:08:02 INFO  BSP server: Downloading https://s01.oss.sonatype.org/content/repositories/snapshots/org/scala-sbt/io_2.12/1.10.4/io_2.12-1.10.4.pom
2025.11.07 19:08:02 INFO  BSP server: Downloading https://s01.oss.sonatype.org/content/repositories/snapshots/com/eed3si9n/gigahorse-apache-http_2.12/0.7.0/gigahorse-apache-http_2.12-0.7.0.pom
2025.11.07 19:08:03 INFO  BSP server: Downloaded https://s01.oss.sonatype.org/content/repositories/snapshots/org/scalameta/io_2.12/4.13.4/io_2.12-4.13.4.pom
2025.11.07 19:08:03 INFO  BSP server: Downloading https://s01.oss.sonatype.org/content/repositories/snapshots/org/scala-sbt/util-logging_2.12/1.10.7/util-logging_2.12-1.10.7.pom
2025.11.07 19:08:03 INFO  BSP server: Downloaded https://s01.oss.sonatype.org/content/repositories/snapshots/org/scala-sbt/util-position_2.12/1.10.7/util-position_2.12-1.10.7.pom
2025.11.07 19:08:03 INFO  BSP server: Downloading https://s01.oss.sonatype.org/content/repositories/snapshots/org/scalameta/io_2.12/4.13.4/io_2.12-4.13.4.pom.sha1
2025.11.07 19:08:03 INFO  BSP server: Downloaded https://s01.oss.sonatype.org/content/repositories/snapshots/org/scalameta/common_2.12/4.13.4/common_2.12-4.13.4.pom
2025.11.07 19:08:03 INFO  BSP server: Downloading https://s01.oss.sonatype.org/content/repositories/snapshots/org/scala-sbt/util-position_2.12/1.10.7/util-position_2.12-1.10.7.pom.sha1
2025.11.07 19:08:03 INFO  BSP server: Downloaded https://s01.oss.sonatype.org/content/repositories/snapshots/com/eed3si9n/gigahorse-apache-http_2.12/0.7.0/gigahorse-apache-http_2.12-0.7.0.pom
2025.11.07 19:08:03 INFO  BSP server: Downloaded https://s01.oss.sonatype.org/content/repositories/snapshots/com/google/errorprone/error_prone_annotations/2.37.0/error_prone_annotations-2.37.0.pom
2025.11.07 19:08:03 INFO  BSP server: Downloading https://s01.oss.sonatype.org/content/repositories/snapshots/org/scalameta/common_2.12/4.13.4/common_2.12-4.13.4.pom.sha1
2025.11.07 19:08:03 INFO  BSP server: Downloading https://s01.oss.sonatype.org/content/repositories/snapshots/org/scala-sbt/util-cache_2.12/1.10.7/util-cache_2.12-1.10.7.pom
2025.11.07 19:08:03 INFO  BSP server: Downloaded https://s01.oss.sonatype.org/content/repositories/snapshots/org/scala-sbt/io_2.12/1.10.4/io_2.12-1.10.4.pom
2025.11.07 19:08:03 INFO  BSP server: Downloading https://s01.oss.sonatype.org/content/repositories/snapshots/com/eed3si9n/gigahorse-apache-http_2.12/0.7.0/gigahorse-apache-http_2.12-0.7.0.pom.sha1
2025.11.07 19:08:03 INFO  BSP server: Downloaded https://s01.oss.sonatype.org/content/repositories/snapshots/org/scala-sbt/util-logging_2.12/1.10.7/util-logging_2.12-1.10.7.pom
2025.11.07 19:08:03 INFO  BSP server: Downloading https://s01.oss.sonatype.org/content/repositories/snapshots/com/google/errorprone/error_prone_annotations/2.37.0/error_prone_annotations-2.37.0.pom.sha1
2025.11.07 19:08:03 INFO  BSP server: Downloaded https://s01.oss.sonatype.org/content/repositories/snapshots/org/scala-sbt/util-cache_2.12/1.10.7/util-cache_2.12-1.10.7.pom
2025.11.07 19:08:03 INFO  BSP server: Downloaded https://s01.oss.sonatype.org/content/repositories/snapshots/org/scalameta/io_2.12/4.13.4/io_2.12-4.13.4.pom.sha1
2025.11.07 19:08:03 INFO  BSP server: Downloading https://s01.oss.sonatype.org/content/repositories/snapshots/org/scala-sbt/io_2.12/1.10.4/io_2.12-1.10.4.pom.sha1
2025.11.07 19:08:03 INFO  BSP server: Downloading https://s01.oss.sonatype.org/content/repositories/snapshots/org/scala-sbt/util-logging_2.12/1.10.7/util-logging_2.12-1.10.7.pom.sha1
2025.11.07 19:08:03 INFO  BSP server: Downloaded https://s01.oss.sonatype.org/content/repositories/snapshots/org/scalameta/common_2.12/4.13.4/common_2.12-4.13.4.pom.sha1
2025.11.07 19:08:03 INFO  BSP server: Downloading https://s01.oss.sonatype.org/content/repositories/snapshots/org/scala-sbt/util-cache_2.12/1.10.7/util-cache_2.12-1.10.7.pom.sha1
2025.11.07 19:08:03 INFO  BSP server: Downloaded https://s01.oss.sonatype.org/content/repositories/snapshots/com/eed3si9n/gigahorse-apache-http_2.12/0.7.0/gigahorse-apache-http_2.12-0.7.0.pom.sha1
2025.11.07 19:08:03 INFO  BSP server: Downloading https://repo1.maven.org/maven2/org/scalameta/io_2.12/4.13.4/io_2.12-4.13.4.pom
2025.11.07 19:08:03 INFO  BSP server: Downloaded https://s01.oss.sonatype.org/content/repositories/snapshots/org/scala-sbt/util-position_2.12/1.10.7/util-position_2.12-1.10.7.pom.sha1
2025.11.07 19:08:03 INFO  BSP server: Downloading https://repo1.maven.org/maven2/org/scalameta/common_2.12/4.13.4/common_2.12-4.13.4.pom
2025.11.07 19:08:04 INFO  BSP server: Downloaded https://repo1.maven.org/maven2/org/scalameta/io_2.12/4.13.4/io_2.12-4.13.4.pom
2025.11.07 19:08:04 INFO  BSP server: Downloading https://repo1.maven.org/maven2/com/eed3si9n/gigahorse-apache-http_2.12/0.7.0/gigahorse-apache-http_2.12-0.7.0.pom
2025.11.07 19:08:04 INFO  BSP server: Downloaded https://repo1.maven.org/maven2/com/eed3si9n/gigahorse-apache-http_2.12/0.7.0/gigahorse-apache-http_2.12-0.7.0.pom
2025.11.07 19:08:04 INFO  BSP server: Downloaded https://repo1.maven.org/maven2/org/scalameta/common_2.12/4.13.4/common_2.12-4.13.4.pom
2025.11.07 19:08:04 INFO  BSP server: Downloading https://repo1.maven.org/maven2/org/scala-sbt/util-position_2.12/1.10.7/util-position_2.12-1.10.7.pom
2025.11.07 19:08:04 INFO  BSP server: Downloaded https://s01.oss.sonatype.org/content/repositories/snapshots/com/google/errorprone/error_prone_annotations/2.37.0/error_prone_annotations-2.37.0.pom.sha1
2025.11.07 19:08:04 INFO  BSP server: Downloading https://repo1.maven.org/maven2/com/google/errorprone/error_prone_annotations/2.37.0/error_prone_annotations-2.37.0.pom
2025.11.07 19:08:04 INFO  BSP server: Downloaded https://repo1.maven.org/maven2/org/scala-sbt/util-position_2.12/1.10.7/util-position_2.12-1.10.7.pom
2025.11.07 19:08:04 INFO  BSP server: Downloaded https://s01.oss.sonatype.org/content/repositories/snapshots/org/scala-sbt/io_2.12/1.10.4/io_2.12-1.10.4.pom.sha1
2025.11.07 19:08:04 INFO  BSP server: Downloaded https://s01.oss.sonatype.org/content/repositories/snapshots/org/scala-sbt/util-logging_2.12/1.10.7/util-logging_2.12-1.10.7.pom.sha1
2025.11.07 19:08:04 INFO  BSP server: Downloaded https://s01.oss.sonatype.org/content/repositories/snapshots/org/scala-sbt/util-cache_2.12/1.10.7/util-cache_2.12-1.10.7.pom.sha1
2025.11.07 19:08:04 INFO  BSP server: Downloading https://repo1.maven.org/maven2/org/scala-sbt/util-logging_2.12/1.10.7/util-logging_2.12-1.10.7.pom
2025.11.07 19:08:04 INFO  BSP server: Downloading https://repo1.maven.org/maven2/org/scala-sbt/util-cache_2.12/1.10.7/util-cache_2.12-1.10.7.pom
2025.11.07 19:08:04 INFO  BSP server: Downloading https://repo1.maven.org/maven2/org/scala-sbt/io_2.12/1.10.4/io_2.12-1.10.4.pom
2025.11.07 19:08:04 INFO  BSP server: Downloaded https://repo1.maven.org/maven2/org/scala-sbt/util-logging_2.12/1.10.7/util-logging_2.12-1.10.7.pom
2025.11.07 19:08:04 INFO  BSP server: Downloaded https://repo1.maven.org/maven2/com/google/errorprone/error_prone_annotations/2.37.0/error_prone_annotations-2.37.0.pom
2025.11.07 19:08:04 INFO  BSP server: Downloaded https://repo1.maven.org/maven2/org/scala-sbt/util-cache_2.12/1.10.7/util-cache_2.12-1.10.7.pom
2025.11.07 19:08:04 INFO  BSP server: Downloaded https://repo1.maven.org/maven2/org/scala-sbt/io_2.12/1.10.4/io_2.12-1.10.4.pom
2025.11.07 19:08:04 INFO  BSP server: Downloading https://oss.sonatype.org/content/repositories/snapshots/com/google/errorprone/error_prone_parent/2.37.0/error_prone_parent-2.37.0.pom
2025.11.07 19:08:04 INFO  BSP server: Downloaded https://oss.sonatype.org/content/repositories/snapshots/com/google/errorprone/error_prone_parent/2.37.0/error_prone_parent-2.37.0.pom
2025.11.07 19:08:04 INFO  BSP server: Downloading https://oss.sonatype.org/content/repositories/snapshots/com/google/errorprone/error_prone_parent/2.37.0/error_prone_parent-2.37.0.pom.sha1
2025.11.07 19:08:05 INFO  BSP server: Downloaded https://oss.sonatype.org/content/repositories/snapshots/com/google/errorprone/error_prone_parent/2.37.0/error_prone_parent-2.37.0.pom.sha1
2025.11.07 19:08:05 INFO  BSP server: Downloading https://s01.oss.sonatype.org/content/repositories/snapshots/com/google/errorprone/error_prone_parent/2.37.0/error_prone_parent-2.37.0.pom
2025.11.07 19:08:05 INFO  BSP server: Downloaded https://s01.oss.sonatype.org/content/repositories/snapshots/com/google/errorprone/error_prone_parent/2.37.0/error_prone_parent-2.37.0.pom
2025.11.07 19:08:05 INFO  BSP server: Downloading https://s01.oss.sonatype.org/content/repositories/snapshots/com/google/errorprone/error_prone_parent/2.37.0/error_prone_parent-2.37.0.pom.sha1
2025.11.07 19:08:06 INFO  BSP server: Downloaded https://s01.oss.sonatype.org/content/repositories/snapshots/com/google/errorprone/error_prone_parent/2.37.0/error_prone_parent-2.37.0.pom.sha1
2025.11.07 19:08:06 INFO  BSP server: Downloading https://repo1.maven.org/maven2/com/google/errorprone/error_prone_parent/2.37.0/error_prone_parent-2.37.0.pom
2025.11.07 19:08:06 INFO  BSP server: Downloaded https://repo1.maven.org/maven2/com/google/errorprone/error_prone_parent/2.37.0/error_prone_parent-2.37.0.pom
2025.11.07 19:08:06 INFO  BSP server: Downloading https://oss.sonatype.org/content/repositories/snapshots/com/eed3si9n/shaded-apache-httpasyncclient/0.7.0/shaded-apache-httpasyncclient-0.7.0.pom
2025.11.07 19:08:06 INFO  BSP server: Downloading https://oss.sonatype.org/content/repositories/snapshots/org/scala-sbt/core-macros_2.12/1.10.7/core-macros_2.12-1.10.7.pom
2025.11.07 19:08:06 INFO  BSP server: Downloading https://oss.sonatype.org/content/repositories/snapshots/com/google/errorprone/error_prone_type_annotations/2.37.0/error_prone_type_annotations-2.37.0.pom
2025.11.07 19:08:06 INFO  BSP server: Downloading https://oss.sonatype.org/content/repositories/snapshots/org/scala-sbt/collections_2.12/1.10.7/collections_2.12-1.10.7.pom
2025.11.07 19:08:06 INFO  BSP server: Downloading https://oss.sonatype.org/content/repositories/snapshots/com/eed3si9n/gigahorse-core_2.12/0.7.0/gigahorse-core_2.12-0.7.0.pom
2025.11.07 19:08:06 INFO  BSP server: Downloaded https://oss.sonatype.org/content/repositories/snapshots/com/eed3si9n/gigahorse-core_2.12/0.7.0/gigahorse-core_2.12-0.7.0.pom
2025.11.07 19:08:06 INFO  BSP server: Downloading https://oss.sonatype.org/content/repositories/snapshots/com/eed3si9n/gigahorse-core_2.12/0.7.0/gigahorse-core_2.12-0.7.0.pom.sha1
2025.11.07 19:08:06 INFO  BSP server: Downloaded https://oss.sonatype.org/content/repositories/snapshots/org/scala-sbt/collections_2.12/1.10.7/collections_2.12-1.10.7.pom
2025.11.07 19:08:06 INFO  BSP server: Downloading https://oss.sonatype.org/content/repositories/snapshots/org/scala-sbt/collections_2.12/1.10.7/collections_2.12-1.10.7.pom.sha1
2025.11.07 19:08:06 INFO  BSP server: Downloaded https://oss.sonatype.org/content/repositories/snapshots/com/google/errorprone/error_prone_type_annotations/2.37.0/error_prone_type_annotations-2.37.0.pom
2025.11.07 19:08:06 INFO  BSP server: Downloading https://oss.sonatype.org/content/repositories/snapshots/com/google/errorprone/error_prone_type_annotations/2.37.0/error_prone_type_annotations-2.37.0.pom.sha1
2025.11.07 19:08:06 INFO  BSP server: Downloaded https://oss.sonatype.org/content/repositories/snapshots/org/scala-sbt/core-macros_2.12/1.10.7/core-macros_2.12-1.10.7.pom
2025.11.07 19:08:06 INFO  BSP server: Downloading https://oss.sonatype.org/content/repositories/snapshots/org/scala-sbt/core-macros_2.12/1.10.7/core-macros_2.12-1.10.7.pom.sha1
2025.11.07 19:08:06 INFO  BSP server: Downloaded https://oss.sonatype.org/content/repositories/snapshots/com/eed3si9n/shaded-apache-httpasyncclient/0.7.0/shaded-apache-httpasyncclient-0.7.0.pom
2025.11.07 19:08:06 INFO  BSP server: Downloading https://oss.sonatype.org/content/repositories/snapshots/com/eed3si9n/shaded-apache-httpasyncclient/0.7.0/shaded-apache-httpasyncclient-0.7.0.pom.sha1
2025.11.07 19:08:06 INFO  BSP server: Downloaded https://oss.sonatype.org/content/repositories/snapshots/org/scala-sbt/core-macros_2.12/1.10.7/core-macros_2.12-1.10.7.pom.sha1
2025.11.07 19:08:06 INFO  BSP server: Downloaded https://oss.sonatype.org/content/repositories/snapshots/com/eed3si9n/shaded-apache-httpasyncclient/0.7.0/shaded-apache-httpasyncclient-0.7.0.pom.sha1
2025.11.07 19:08:06 INFO  BSP server: Downloaded https://oss.sonatype.org/content/repositories/snapshots/com/eed3si9n/gigahorse-core_2.12/0.7.0/gigahorse-core_2.12-0.7.0.pom.sha1
2025.11.07 19:08:06 INFO  BSP server: Downloaded https://oss.sonatype.org/content/repositories/snapshots/com/google/errorprone/error_prone_type_annotations/2.37.0/error_prone_type_annotations-2.37.0.pom.sha1
2025.11.07 19:08:06 INFO  BSP server: Downloaded https://oss.sonatype.org/content/repositories/snapshots/org/scala-sbt/collections_2.12/1.10.7/collections_2.12-1.10.7.pom.sha1
2025.11.07 19:08:06 INFO  BSP server: Downloading https://s01.oss.sonatype.org/content/repositories/snapshots/org/scala-sbt/core-macros_2.12/1.10.7/core-macros_2.12-1.10.7.pom
2025.11.07 19:08:06 INFO  BSP server: Downloading https://s01.oss.sonatype.org/content/repositories/snapshots/com/google/errorprone/error_prone_type_annotations/2.37.0/error_prone_type_annotations-2.37.0.pom
2025.11.07 19:08:06 INFO  BSP server: Downloading https://s01.oss.sonatype.org/content/repositories/snapshots/org/scala-sbt/collections_2.12/1.10.7/collections_2.12-1.10.7.pom
2025.11.07 19:08:06 INFO  BSP server: Downloading https://s01.oss.sonatype.org/content/repositories/snapshots/com/eed3si9n/shaded-apache-httpasyncclient/0.7.0/shaded-apache-httpasyncclient-0.7.0.pom
2025.11.07 19:08:06 INFO  BSP server: Downloading https://s01.oss.sonatype.org/content/repositories/snapshots/com/eed3si9n/gigahorse-core_2.12/0.7.0/gigahorse-core_2.12-0.7.0.pom
2025.11.07 19:08:08 INFO  BSP server: Downloaded https://s01.oss.sonatype.org/content/repositories/snapshots/com/eed3si9n/shaded-apache-httpasyncclient/0.7.0/shaded-apache-httpasyncclient-0.7.0.pom
2025.11.07 19:08:08 INFO  BSP server: Downloading https://s01.oss.sonatype.org/content/repositories/snapshots/com/eed3si9n/shaded-apache-httpasyncclient/0.7.0/shaded-apache-httpasyncclient-0.7.0.pom.sha1
2025.11.07 19:08:08 INFO  BSP server: Downloaded https://s01.oss.sonatype.org/content/repositories/snapshots/org/scala-sbt/core-macros_2.12/1.10.7/core-macros_2.12-1.10.7.pom
2025.11.07 19:08:08 INFO  BSP server: Downloaded https://s01.oss.sonatype.org/content/repositories/snapshots/org/scala-sbt/collections_2.12/1.10.7/collections_2.12-1.10.7.pom
2025.11.07 19:08:08 INFO  BSP server: Downloading https://s01.oss.sonatype.org/content/repositories/snapshots/org/scala-sbt/core-macros_2.12/1.10.7/core-macros_2.12-1.10.7.pom.sha1
2025.11.07 19:08:08 INFO  BSP server: Downloading https://s01.oss.sonatype.org/content/repositories/snapshots/org/scala-sbt/collections_2.12/1.10.7/collections_2.12-1.10.7.pom.sha1
2025.11.07 19:08:08 INFO  BSP server: Downloaded https://s01.oss.sonatype.org/content/repositories/snapshots/com/google/errorprone/error_prone_type_annotations/2.37.0/error_prone_type_annotations-2.37.0.pom
2025.11.07 19:08:08 INFO  BSP server: Downloading https://s01.oss.sonatype.org/content/repositories/snapshots/com/google/errorprone/error_prone_type_annotations/2.37.0/error_prone_type_annotations-2.37.0.pom.sha1
2025.11.07 19:08:08 INFO  BSP server: Downloaded https://s01.oss.sonatype.org/content/repositories/snapshots/com/eed3si9n/gigahorse-core_2.12/0.7.0/gigahorse-core_2.12-0.7.0.pom
2025.11.07 19:08:08 INFO  BSP server: Downloading https://s01.oss.sonatype.org/content/repositories/snapshots/com/eed3si9n/gigahorse-core_2.12/0.7.0/gigahorse-core_2.12-0.7.0.pom.sha1
2025.11.07 19:08:08 INFO  BSP server: Downloaded https://s01.oss.sonatype.org/content/repositories/snapshots/org/scala-sbt/collections_2.12/1.10.7/collections_2.12-1.10.7.pom.sha1
2025.11.07 19:08:08 INFO  BSP server: Downloading https://repo1.maven.org/maven2/org/scala-sbt/collections_2.12/1.10.7/collections_2.12-1.10.7.pom
2025.11.07 19:08:08 INFO  BSP server: Downloaded https://s01.oss.sonatype.org/content/repositories/snapshots/org/scala-sbt/core-macros_2.12/1.10.7/core-macros_2.12-1.10.7.pom.sha1
2025.11.07 19:08:08 INFO  BSP server: Downloaded https://s01.oss.sonatype.org/content/repositories/snapshots/com/eed3si9n/shaded-apache-httpasyncclient/0.7.0/shaded-apache-httpasyncclient-0.7.0.pom.sha1
2025.11.07 19:08:08 INFO  BSP server: Downloading https://repo1.maven.org/maven2/org/scala-sbt/core-macros_2.12/1.10.7/core-macros_2.12-1.10.7.pom
2025.11.07 19:08:08 INFO  BSP server: Downloading https://repo1.maven.org/maven2/com/eed3si9n/shaded-apache-httpasyncclient/0.7.0/shaded-apache-httpasyncclient-0.7.0.pom
2025.11.07 19:08:08 INFO  BSP server: Downloaded https://repo1.maven.org/maven2/org/scala-sbt/collections_2.12/1.10.7/collections_2.12-1.10.7.pom
2025.11.07 19:08:08 INFO  BSP server: Downloaded https://repo1.maven.org/maven2/org/scala-sbt/core-macros_2.12/1.10.7/core-macros_2.12-1.10.7.pom
2025.11.07 19:08:08 INFO  BSP server: Downloaded https://repo1.maven.org/maven2/com/eed3si9n/shaded-apache-httpasyncclient/0.7.0/shaded-apache-httpasyncclient-0.7.0.pom
2025.11.07 19:08:08 INFO  BSP server: Downloaded https://s01.oss.sonatype.org/content/repositories/snapshots/com/google/errorprone/error_prone_type_annotations/2.37.0/error_prone_type_annotations-2.37.0.pom.sha1
2025.11.07 19:08:08 INFO  BSP server: Downloading https://repo1.maven.org/maven2/com/google/errorprone/error_prone_type_annotations/2.37.0/error_prone_type_annotations-2.37.0.pom
2025.11.07 19:08:08 INFO  BSP server: Downloaded https://s01.oss.sonatype.org/content/repositories/snapshots/com/eed3si9n/gigahorse-core_2.12/0.7.0/gigahorse-core_2.12-0.7.0.pom.sha1
2025.11.07 19:08:08 INFO  BSP server: Downloading https://repo1.maven.org/maven2/com/eed3si9n/gigahorse-core_2.12/0.7.0/gigahorse-core_2.12-0.7.0.pom
2025.11.07 19:08:08 INFO  BSP server: Downloaded https://repo1.maven.org/maven2/com/google/errorprone/error_prone_type_annotations/2.37.0/error_prone_type_annotations-2.37.0.pom
2025.11.07 19:08:08 INFO  BSP server: Downloaded https://repo1.maven.org/maven2/com/eed3si9n/gigahorse-core_2.12/0.7.0/gigahorse-core_2.12-0.7.0.pom
2025.11.07 19:08:08 INFO  BSP server: Downloading https://repo1.maven.org/maven2/org/scala-sbt/io_2.12/1.10.4/io_2.12-1.10.4.jar
2025.11.07 19:08:08 INFO  BSP server: Downloading https://repo1.maven.org/maven2/ch/epfl/scala/com-microsoft-java-debug-core/0.34.0+36/com-microsoft-java-debug-core-0.34.0+36.jar
2025.11.07 19:08:08 INFO  BSP server: Downloading https://repo1.maven.org/maven2/org/scala-sbt/util-position_2.12/1.10.7/util-position_2.12-1.10.7.jar
2025.11.07 19:08:08 INFO  BSP server: Downloading https://repo1.maven.org/maven2/ch/epfl/scala/scala-debug-adapter_2.12/4.2.5/scala-debug-adapter_2.12-4.2.5.jar
2025.11.07 19:08:08 INFO  BSP server: Downloading https://repo1.maven.org/maven2/org/scalameta/io_2.12/4.13.4/io_2.12-4.13.4.jar
2025.11.07 19:08:08 INFO  BSP server: Downloading https://repo1.maven.org/maven2/org/scala-sbt/core-macros_2.12/1.10.7/core-macros_2.12-1.10.7.jar
2025.11.07 19:08:09 INFO  BSP server: Downloaded https://repo1.maven.org/maven2/org/scala-sbt/util-position_2.12/1.10.7/util-position_2.12-1.10.7.jar
2025.11.07 19:08:09 INFO  BSP server: Downloading https://repo1.maven.org/maven2/org/scala-sbt/collections_2.12/1.10.7/collections_2.12-1.10.7.jar
2025.11.07 19:08:09 INFO  BSP server: Downloaded https://repo1.maven.org/maven2/org/scala-sbt/core-macros_2.12/1.10.7/core-macros_2.12-1.10.7.jar
2025.11.07 19:08:09 INFO  BSP server: Downloading https://repo1.maven.org/maven2/org/scala-sbt/test-agent/1.10.11/test-agent-1.10.11.jar
2025.11.07 19:08:09 INFO  BSP server: Downloaded https://repo1.maven.org/maven2/org/scalameta/io_2.12/4.13.4/io_2.12-4.13.4.jar
2025.11.07 19:08:09 INFO  BSP server: Downloading https://repo1.maven.org/maven2/org/scalameta/parsers_2.12/4.13.4/parsers_2.12-4.13.4.jar
2025.11.07 19:08:09 INFO  BSP server: Downloaded https://repo1.maven.org/maven2/org/scala-sbt/io_2.12/1.10.4/io_2.12-1.10.4.jar
2025.11.07 19:08:09 INFO  BSP server: Downloading https://repo1.maven.org/maven2/org/scalameta/common_2.12/4.13.4/common_2.12-4.13.4.jar
2025.11.07 19:08:09 INFO  BSP server: Downloaded https://repo1.maven.org/maven2/org/scala-sbt/collections_2.12/1.10.7/collections_2.12-1.10.7.jar
2025.11.07 19:08:09 INFO  BSP server: Downloading https://repo1.maven.org/maven2/com/google/code/gson/gson/2.13.0/gson-2.13.0.jar
2025.11.07 19:08:09 INFO  BSP server: Downloaded https://repo1.maven.org/maven2/com/google/code/gson/gson/2.13.0/gson-2.13.0.jar
2025.11.07 19:08:09 INFO  BSP server: Downloading https://repo1.maven.org/maven2/org/scalameta/trees_2.12/4.13.4/trees_2.12-4.13.4.jar
2025.11.07 19:08:09 INFO  BSP server: Downloaded https://repo1.maven.org/maven2/org/scala-sbt/test-agent/1.10.11/test-agent-1.10.11.jar
2025.11.07 19:08:09 INFO  BSP server: Downloading https://repo1.maven.org/maven2/org/scala-sbt/util-cache_2.12/1.10.7/util-cache_2.12-1.10.7.jar
2025.11.07 19:08:09 INFO  BSP server: Downloaded https://repo1.maven.org/maven2/org/scala-sbt/util-cache_2.12/1.10.7/util-cache_2.12-1.10.7.jar
2025.11.07 19:08:09 INFO  BSP server: Downloading https://repo1.maven.org/maven2/ch/epfl/scala/bloop-shared_2.12/2.0.10/bloop-shared_2.12-2.0.10.jar
2025.11.07 19:08:09 INFO  BSP server: Downloaded https://repo1.maven.org/maven2/ch/epfl/scala/com-microsoft-java-debug-core/0.34.0+36/com-microsoft-java-debug-core-0.34.0+36.jar
2025.11.07 19:08:09 INFO  BSP server: Downloading https://repo1.maven.org/maven2/ch/epfl/scala/bloop-backend_2.12/2.0.10/bloop-backend_2.12-2.0.10.jar
2025.11.07 19:08:09 INFO  BSP server: Downloaded https://repo1.maven.org/maven2/org/scalameta/parsers_2.12/4.13.4/parsers_2.12-4.13.4.jar
2025.11.07 19:08:09 INFO  BSP server: Downloading https://repo1.maven.org/maven2/ch/epfl/scala/bloop-frontend_2.12/2.0.10/bloop-frontend_2.12-2.0.10.jar
2025.11.07 19:08:10 INFO  BSP server: Downloaded https://repo1.maven.org/maven2/ch/epfl/scala/bloop-shared_2.12/2.0.10/bloop-shared_2.12-2.0.10.jar
2025.11.07 19:08:10 INFO  BSP server: Downloading https://repo1.maven.org/maven2/com/eed3si9n/shaded-apache-httpasyncclient/0.7.0/shaded-apache-httpasyncclient-0.7.0.jar
2025.11.07 19:08:10 INFO  BSP server: Downloaded https://repo1.maven.org/maven2/ch/epfl/scala/scala-debug-adapter_2.12/4.2.5/scala-debug-adapter_2.12-4.2.5.jar
2025.11.07 19:08:10 INFO  BSP server: Downloading https://repo1.maven.org/maven2/com/eed3si9n/gigahorse-core_2.12/0.7.0/gigahorse-core_2.12-0.7.0.jar
2025.11.07 19:08:10 INFO  BSP server: Downloaded https://repo1.maven.org/maven2/org/scalameta/common_2.12/4.13.4/common_2.12-4.13.4.jar
2025.11.07 19:08:10 INFO  BSP server: Downloading https://repo1.maven.org/maven2/org/scala-sbt/librarymanagement-ivy_2.12/1.10.4/librarymanagement-ivy_2.12-1.10.4.jar
2025.11.07 19:08:11 INFO  BSP server: Downloaded https://repo1.maven.org/maven2/com/eed3si9n/gigahorse-core_2.12/0.7.0/gigahorse-core_2.12-0.7.0.jar
2025.11.07 19:08:11 INFO  BSP server: Downloading https://repo1.maven.org/maven2/org/scala-sbt/util-logging_2.12/1.10.7/util-logging_2.12-1.10.7.jar
2025.11.07 19:08:11 INFO  BSP server: Downloaded https://repo1.maven.org/maven2/org/scala-sbt/librarymanagement-ivy_2.12/1.10.4/librarymanagement-ivy_2.12-1.10.4.jar
2025.11.07 19:08:11 INFO  BSP server: Downloading https://repo1.maven.org/maven2/com/google/errorprone/error_prone_annotations/2.37.0/error_prone_annotations-2.37.0.jar
2025.11.07 19:08:11 INFO  BSP server: Downloaded https://repo1.maven.org/maven2/ch/epfl/scala/bloop-frontend_2.12/2.0.10/bloop-frontend_2.12-2.0.10.jar
2025.11.07 19:08:11 INFO  BSP server: Downloading https://repo1.maven.org/maven2/com/eed3si9n/gigahorse-apache-http_2.12/0.7.0/gigahorse-apache-http_2.12-0.7.0.jar
2025.11.07 19:08:11 INFO  BSP server: Downloaded https://repo1.maven.org/maven2/com/google/errorprone/error_prone_annotations/2.37.0/error_prone_annotations-2.37.0.jar
2025.11.07 19:08:11 INFO  BSP server: Downloading https://repo1.maven.org/maven2/org/scala-sbt/librarymanagement-core_2.12/1.10.4/librarymanagement-core_2.12-1.10.4.jar
2025.11.07 19:08:11 INFO  BSP server: Downloaded https://repo1.maven.org/maven2/com/eed3si9n/gigahorse-apache-http_2.12/0.7.0/gigahorse-apache-http_2.12-0.7.0.jar
2025.11.07 19:08:11 INFO  BSP server: Downloaded https://repo1.maven.org/maven2/org/scala-sbt/util-logging_2.12/1.10.7/util-logging_2.12-1.10.7.jar
2025.11.07 19:08:11 INFO  BSP server: Downloaded https://repo1.maven.org/maven2/ch/epfl/scala/bloop-backend_2.12/2.0.10/bloop-backend_2.12-2.0.10.jar
2025.11.07 19:08:12 INFO  BSP server: Downloaded https://repo1.maven.org/maven2/org/scala-sbt/librarymanagement-core_2.12/1.10.4/librarymanagement-core_2.12-1.10.4.jar
2025.11.07 19:08:12 INFO  BSP server: Downloaded https://repo1.maven.org/maven2/com/eed3si9n/shaded-apache-httpasyncclient/0.7.0/shaded-apache-httpasyncclient-0.7.0.jar
2025.11.07 19:08:14 INFO  BSP server: Downloaded https://repo1.maven.org/maven2/org/scalameta/trees_2.12/4.13.4/trees_2.12-4.13.4.jar
2025.11.07 19:08:14 INFO  BSP server: Starting compilation server
2025.11.07 19:08:17 INFO  BSP server: Downloading https://repo1.maven.org/maven2/org/scala-lang/scala3-compiler_3/3.7.1/scala3-compiler_3-3.7.1.pom
2025.11.07 19:08:17 INFO  BSP server: Downloaded https://repo1.maven.org/maven2/org/scala-lang/scala3-compiler_3/3.7.1/scala3-compiler_3-3.7.1.pom
2025.11.07 19:08:17 INFO  BSP server: Downloading https://repo1.maven.org/maven2/org/scala-lang/tasty-core_3/3.7.1/tasty-core_3-3.7.1.pom
2025.11.07 19:08:17 INFO  BSP server: Downloading https://repo1.maven.org/maven2/org/scala-lang/scala3-interfaces/3.7.1/scala3-interfaces-3.7.1.pom
2025.11.07 19:08:17 INFO  BSP server: Downloading https://repo1.maven.org/maven2/org/scala-lang/scala3-library_3/3.7.1/scala3-library_3-3.7.1.pom
2025.11.07 19:08:17 INFO  BSP server: Downloaded https://repo1.maven.org/maven2/org/scala-lang/scala3-interfaces/3.7.1/scala3-interfaces-3.7.1.pom
2025.11.07 19:08:17 INFO  BSP server: Downloaded https://repo1.maven.org/maven2/org/scala-lang/tasty-core_3/3.7.1/tasty-core_3-3.7.1.pom
2025.11.07 19:08:17 INFO  BSP server: Downloaded https://repo1.maven.org/maven2/org/scala-lang/scala3-library_3/3.7.1/scala3-library_3-3.7.1.pom
2025.11.07 19:08:17 INFO  BSP server: Downloading https://repo1.maven.org/maven2/org/scala-lang/scala3-interfaces/3.7.1/scala3-interfaces-3.7.1.jar
2025.11.07 19:08:17 INFO  BSP server: Downloading https://repo1.maven.org/maven2/org/scala-lang/scala3-compiler_3/3.7.1/scala3-compiler_3-3.7.1.jar
2025.11.07 19:08:17 INFO  BSP server: Downloading https://repo1.maven.org/maven2/org/scala-lang/tasty-core_3/3.7.1/tasty-core_3-3.7.1.jar
2025.11.07 19:08:17 INFO  BSP server: Downloading https://repo1.maven.org/maven2/org/scala-lang/scala3-library_3/3.7.1/scala3-library_3-3.7.1.jar
2025.11.07 19:08:17 INFO  BSP server: Downloaded https://repo1.maven.org/maven2/org/scala-lang/tasty-core_3/3.7.1/tasty-core_3-3.7.1.jar
2025.11.07 19:08:17 INFO  BSP server: Downloaded https://repo1.maven.org/maven2/org/scala-lang/scala3-interfaces/3.7.1/scala3-interfaces-3.7.1.jar
2025.11.07 19:08:18 INFO  BSP server: Downloaded https://repo1.maven.org/maven2/org/scala-lang/scala3-library_3/3.7.1/scala3-library_3-3.7.1.jar
2025.11.07 19:08:23 INFO  BSP server: Still downloading:
2025.11.07 19:08:23 INFO  BSP server: https://repo1.maven.org/maven2/org/scala-lang/scala3-compiler_3/3.7.1/scala3-compiler_3-3.7.1.jar (96.97 %, 22148608 / 22840345)
2025.11.07 19:08:23 INFO  BSP server: 
2025.11.07 19:08:23 INFO  BSP server: Downloaded https://repo1.maven.org/maven2/org/scala-lang/scala3-compiler_3/3.7.1/scala3-compiler_3-3.7.1.jar
2025.11.07 19:08:23 INFO  BSP server: Downloading https://repo1.maven.org/maven2/org/scala-lang/scala3-sbt-bridge/3.7.1/scala3-sbt-bridge-3.7.1.pom
2025.11.07 19:08:23 INFO  BSP server: Downloaded https://repo1.maven.org/maven2/org/scala-lang/scala3-sbt-bridge/3.7.1/scala3-sbt-bridge-3.7.1.pom
2025.11.07 19:08:23 INFO  BSP server: Downloading https://repo1.maven.org/maven2/org/scala-lang/scala3-sbt-bridge/3.7.1/scala3-sbt-bridge-3.7.1.jar
2025.11.07 19:08:23 INFO  BSP server: Downloaded https://repo1.maven.org/maven2/org/scala-lang/scala3-sbt-bridge/3.7.1/scala3-sbt-bridge-3.7.1.jar
2025.11.07 19:08:23 INFO  BSP server: Downloading https://repo1.maven.org/maven2/org/scala-lang/scala3-library_3/3.7.1/scala3-library_3-3.7.1-sources.jar
2025.11.07 19:08:25 INFO  BSP server: Downloaded https://repo1.maven.org/maven2/org/scala-lang/scala3-library_3/3.7.1/scala3-library_3-3.7.1-sources.jar
2025.11.07 19:08:25 INFO  time: Connected to build server in 44s
2025.11.07 19:08:25 INFO  Connected to Build server: scala-cli v1.8.3
2025.11.07 19:08:26 INFO  Created report: Optional.empty
2025.11.07 19:08:26 INFO  Empty build targets. Expected at least one build target identifier. (full report at: "/Users/sandeepsanakkayala/Downloads/Complete BIG DATA PRJ/.metals/.reports/bloop/2025-11-07/r_Empty build targets...._19-08-26-076.md")
2025.11.07 19:08:26 INFO  Empty build targets. Expected at least one build target identifier. (full report at: "/Users/sandeepsanakkayala/Downloads/Complete BIG DATA PRJ/.metals/.reports/bloop/2025-11-07/r_Empty build targets...._19-08-26-076.md")
2025.11.07 19:08:26 INFO  Empty build targets. Expected at least one build target identifier. (full report at: "/Users/sandeepsanakkayala/Downloads/Complete BIG DATA PRJ/.metals/.reports/bloop/2025-11-07/r_Empty build targets...._19-08-26-076.md")
2025.11.07 19:08:26 INFO  compiling complete big data prj_d5c0a6989e (1 scala source)
2025.11.07 19:08:28 INFO  Empty build targets. Expected at least one build target identifier. (full report at: "/Users/sandeepsanakkayala/Downloads/Complete BIG DATA PRJ/.metals/.reports/bloop/2025-11-07/r_Empty build targets...._19-08-26-076.md")
2025.11.07 19:08:28 INFO  time: Imported build in 2.39s
2025.11.07 19:08:28 INFO  compiling complete big data prj_d5c0a6989e (1 scala source)
2025.11.07 19:08:30 WARN  Using H2 2.4.240 which is newer than the version Flyway has been verified with. The latest verified version of H2 is 2.3.232.
2025.11.07 19:08:30 INFO  time: indexed workspace in 2.31s
Nov 07, 2025 10:10:25 PM org.eclipse.lsp4j.jsonrpc.services.GenericEndpoint notify
INFO: Unsupported notification method: $/setTrace
Nov 07, 2025 10:10:40 PM org.eclipse.lsp4j.jsonrpc.services.GenericEndpoint notify
INFO: Unsupported notification method: $/setTrace
